sudo -E bash -c "make -C ADCore"
make[1]: Entering directory '/home/william/e3-workspace/git/e3-ADCore/ADCore'
make -C ./configure install 
make[2]: Entering directory '/home/william/e3-workspace/git/e3-ADCore/ADCore/configure'
perl -CSD /epics/bases/base-3.15.5/bin/linux-x86_64/makeMakefile.pl O.linux-x86_64 ../..
mkdir O.Common
make -C O.linux-x86_64 -f ../Makefile TOP=../.. \
    T_A=linux-x86_64 install
make[3]: Entering directory '/home/william/e3-workspace/git/e3-ADCore/ADCore/configure/O.linux-x86_64'
Installing config file /epics/bases/base-3.15.5/epics-modules/adcore/configure/RELEASE
make[3]: Leaving directory '/home/william/e3-workspace/git/e3-ADCore/ADCore/configure/O.linux-x86_64'
make[2]: Leaving directory '/home/william/e3-workspace/git/e3-ADCore/ADCore/configure'
make -C ./ADApp install 
make[2]: Entering directory '/home/william/e3-workspace/git/e3-ADCore/ADCore/ADApp'
make -C ./Db install 
make[3]: Entering directory '/home/william/e3-workspace/git/e3-ADCore/ADCore/ADApp/Db'
perl -CSD /epics/bases/base-3.15.5/bin/linux-x86_64/makeMakefile.pl O.linux-x86_64 ../../..
mkdir O.Common
make -C O.linux-x86_64 -f ../Makefile TOP=../../.. \
    T_A=linux-x86_64 install
make[4]: Entering directory '/home/william/e3-workspace/git/e3-ADCore/ADCore/ADApp/Db/O.linux-x86_64'
Installing template file /epics/bases/base-3.15.5/epics-modules/adcore/db/NDArrayBase.template
mkdir /epics/bases/base-3.15.5/epics-modules/adcore/db
Installing template file /epics/bases/base-3.15.5/epics-modules/adcore/db/ADBase.template
Installing template file /epics/bases/base-3.15.5/epics-modules/adcore/db/ADPrefixes.template
Installing template file /epics/bases/base-3.15.5/epics-modules/adcore/db/NDAttribute.template
Installing template file /epics/bases/base-3.15.5/epics-modules/adcore/db/NDAttributeN.template
Installing template file /epics/bases/base-3.15.5/epics-modules/adcore/db/NDCircularBuff.template
Installing template file /epics/bases/base-3.15.5/epics-modules/adcore/db/NDColorConvert.template
Installing template file /epics/bases/base-3.15.5/epics-modules/adcore/db/NDFFT.template
Installing template file /epics/bases/base-3.15.5/epics-modules/adcore/db/NDFile.template
Installing template file /epics/bases/base-3.15.5/epics-modules/adcore/db/NDFileHDF5.template
Installing template file /epics/bases/base-3.15.5/epics-modules/adcore/db/NDFileJPEG.template
Installing template file /epics/bases/base-3.15.5/epics-modules/adcore/db/NDFileMagick.template
Installing template file /epics/bases/base-3.15.5/epics-modules/adcore/db/NDFileNetCDF.template
Installing template file /epics/bases/base-3.15.5/epics-modules/adcore/db/NDFileNexus.template
Installing template file /epics/bases/base-3.15.5/epics-modules/adcore/db/NDFileTIFF.template
Installing template file /epics/bases/base-3.15.5/epics-modules/adcore/db/NDGather.template
Installing template file /epics/bases/base-3.15.5/epics-modules/adcore/db/NDGatherN.template
Installing template file /epics/bases/base-3.15.5/epics-modules/adcore/db/NDOverlay.template
Installing template file /epics/bases/base-3.15.5/epics-modules/adcore/db/NDOverlayN.template
Installing template file /epics/bases/base-3.15.5/epics-modules/adcore/db/NDPluginBase.template
Installing template file /epics/bases/base-3.15.5/epics-modules/adcore/db/NDPosPlugin.template
Installing template file /epics/bases/base-3.15.5/epics-modules/adcore/db/NDProcess.template
Installing template file /epics/bases/base-3.15.5/epics-modules/adcore/db/NDPva.template
Installing template file /epics/bases/base-3.15.5/epics-modules/adcore/db/NDROI.template
Installing template file /epics/bases/base-3.15.5/epics-modules/adcore/db/NDROIStat.template
Installing template file /epics/bases/base-3.15.5/epics-modules/adcore/db/NDROIStatN.template
Installing template file /epics/bases/base-3.15.5/epics-modules/adcore/db/NDROIStat8.template
Installing template file /epics/bases/base-3.15.5/epics-modules/adcore/db/NDScatter.template
Installing template file /epics/bases/base-3.15.5/epics-modules/adcore/db/NDStats.template
Installing template file /epics/bases/base-3.15.5/epics-modules/adcore/db/NDStdArrays.template
Installing template file /epics/bases/base-3.15.5/epics-modules/adcore/db/NDTimeSeries.template
Installing template file /epics/bases/base-3.15.5/epics-modules/adcore/db/NDTimeSeriesN.template
Installing template file /epics/bases/base-3.15.5/epics-modules/adcore/db/NDTransform.template
Installing template file /epics/bases/base-3.15.5/epics-modules/adcore/db/NDAttrPlotAttr.template
Installing template file /epics/bases/base-3.15.5/epics-modules/adcore/db/NDAttrPlotData.template
Installing template file /epics/bases/base-3.15.5/epics-modules/adcore/db/NDAttrPlot.template
make[4]: Leaving directory '/home/william/e3-workspace/git/e3-ADCore/ADCore/ADApp/Db/O.linux-x86_64'
make[3]: Leaving directory '/home/william/e3-workspace/git/e3-ADCore/ADCore/ADApp/Db'
make -C ./ADSrc install 
make[3]: Entering directory '/home/william/e3-workspace/git/e3-ADCore/ADCore/ADApp/ADSrc'
perl -CSD /epics/bases/base-3.15.5/bin/linux-x86_64/makeMakefile.pl O.linux-x86_64 ../../..
mkdir O.Common
make -C O.linux-x86_64 -f ../Makefile TOP=../../.. \
    T_A=linux-x86_64 install
make[4]: Entering directory '/home/william/e3-workspace/git/e3-ADCore/ADCore/ADApp/ADSrc/O.linux-x86_64'
/usr/bin/g++  -D_GNU_SOURCE -D_DEFAULT_SOURCE            -D_X86_64_  -DUNIX  -Dlinux     -O3 -g   -Wall      -mtune=generic     -m64 -fPIC -I. -I../O.Common -I. -I. -I.. -I/epics/bases/base-3.15.5/epics-modules/adcore/include/compiler/gcc -I/epics/bases/base-3.15.5/epics-modules/adcore/include/os/Linux -I/epics/bases/base-3.15.5/epics-modules/adcore/include -I/epics/bases/base-3.15.5/include/compiler/gcc -I/epics/bases/base-3.15.5/include/os/Linux -I/epics/bases/base-3.15.5/include    -I/epics/bases/base-3.15.5/epics-modules/asyn/include/ -I/usr/include/libxml2/    -MM -MF myAttributeFunctions.d  ../myAttributeFunctions.cpp
/usr/bin/g++  -D_GNU_SOURCE -D_DEFAULT_SOURCE            -D_X86_64_  -DUNIX  -Dlinux     -O3 -g   -Wall      -mtune=generic     -m64 -fPIC -I. -I../O.Common -I. -I. -I.. -I/epics/bases/base-3.15.5/epics-modules/adcore/include/compiler/gcc -I/epics/bases/base-3.15.5/epics-modules/adcore/include/os/Linux -I/epics/bases/base-3.15.5/epics-modules/adcore/include -I/epics/bases/base-3.15.5/include/compiler/gcc -I/epics/bases/base-3.15.5/include/os/Linux -I/epics/bases/base-3.15.5/include    -I/epics/bases/base-3.15.5/epics-modules/asyn/include/ -I/usr/include/libxml2/    -MM -MF myTimeStampSource.d  ../myTimeStampSource.cpp
/usr/bin/gcc  -D_GNU_SOURCE -D_DEFAULT_SOURCE            -D_X86_64_  -DUNIX  -Dlinux     -O3 -g   -Wall      -mtune=generic     -m64 -fPIC -I. -I../O.Common -I. -I. -I.. -I/epics/bases/base-3.15.5/epics-modules/adcore/include/compiler/gcc -I/epics/bases/base-3.15.5/epics-modules/adcore/include/os/Linux -I/epics/bases/base-3.15.5/epics-modules/adcore/include -I/epics/bases/base-3.15.5/include/compiler/gcc -I/epics/bases/base-3.15.5/include/os/Linux -I/epics/bases/base-3.15.5/include    -I/epics/bases/base-3.15.5/epics-modules/asyn/include/ -I/usr/include/libxml2/    -MM -MF parseAreaPrefixes.d  ../parseAreaPrefixes.c
/usr/bin/g++  -D_GNU_SOURCE -D_DEFAULT_SOURCE            -D_X86_64_  -DUNIX  -Dlinux     -O3 -g   -Wall      -mtune=generic     -m64 -fPIC -I. -I../O.Common -I. -I. -I.. -I/epics/bases/base-3.15.5/epics-modules/adcore/include/compiler/gcc -I/epics/bases/base-3.15.5/epics-modules/adcore/include/os/Linux -I/epics/bases/base-3.15.5/epics-modules/adcore/include -I/epics/bases/base-3.15.5/include/compiler/gcc -I/epics/bases/base-3.15.5/include/os/Linux -I/epics/bases/base-3.15.5/include    -I/epics/bases/base-3.15.5/epics-modules/asyn/include/ -I/usr/include/libxml2/    -MM -MF functAttribute.d  ../functAttribute.cpp
/usr/bin/g++  -D_GNU_SOURCE -D_DEFAULT_SOURCE            -D_X86_64_  -DUNIX  -Dlinux     -O3 -g   -Wall      -mtune=generic     -m64 -fPIC -I. -I../O.Common -I. -I. -I.. -I/epics/bases/base-3.15.5/epics-modules/adcore/include/compiler/gcc -I/epics/bases/base-3.15.5/epics-modules/adcore/include/os/Linux -I/epics/bases/base-3.15.5/epics-modules/adcore/include -I/epics/bases/base-3.15.5/include/compiler/gcc -I/epics/bases/base-3.15.5/include/os/Linux -I/epics/bases/base-3.15.5/include    -I/epics/bases/base-3.15.5/epics-modules/asyn/include/ -I/usr/include/libxml2/    -MM -MF PVAttribute.d  ../PVAttribute.cpp
/usr/bin/g++  -D_GNU_SOURCE -D_DEFAULT_SOURCE            -D_X86_64_  -DUNIX  -Dlinux     -O3 -g   -Wall      -mtune=generic     -m64 -fPIC -I. -I../O.Common -I. -I. -I.. -I/epics/bases/base-3.15.5/epics-modules/adcore/include/compiler/gcc -I/epics/bases/base-3.15.5/epics-modules/adcore/include/os/Linux -I/epics/bases/base-3.15.5/epics-modules/adcore/include -I/epics/bases/base-3.15.5/include/compiler/gcc -I/epics/bases/base-3.15.5/include/os/Linux -I/epics/bases/base-3.15.5/include    -I/epics/bases/base-3.15.5/epics-modules/asyn/include/ -I/usr/include/libxml2/    -MM -MF paramAttribute.d  ../paramAttribute.cpp
/usr/bin/g++  -D_GNU_SOURCE -D_DEFAULT_SOURCE            -D_X86_64_  -DUNIX  -Dlinux     -O3 -g   -Wall      -mtune=generic     -m64 -fPIC -I. -I../O.Common -I. -I. -I.. -I/epics/bases/base-3.15.5/epics-modules/adcore/include/compiler/gcc -I/epics/bases/base-3.15.5/epics-modules/adcore/include/os/Linux -I/epics/bases/base-3.15.5/epics-modules/adcore/include -I/epics/bases/base-3.15.5/include/compiler/gcc -I/epics/bases/base-3.15.5/include/os/Linux -I/epics/bases/base-3.15.5/include    -I/epics/bases/base-3.15.5/epics-modules/asyn/include/ -I/usr/include/libxml2/    -MM -MF ADDriver.d  ../ADDriver.cpp
/usr/bin/g++  -D_GNU_SOURCE -D_DEFAULT_SOURCE            -D_X86_64_  -DUNIX  -Dlinux     -O3 -g   -Wall      -mtune=generic     -m64 -fPIC -I. -I../O.Common -I. -I. -I.. -I/epics/bases/base-3.15.5/epics-modules/adcore/include/compiler/gcc -I/epics/bases/base-3.15.5/epics-modules/adcore/include/os/Linux -I/epics/bases/base-3.15.5/epics-modules/adcore/include -I/epics/bases/base-3.15.5/include/compiler/gcc -I/epics/bases/base-3.15.5/include/os/Linux -I/epics/bases/base-3.15.5/include    -I/epics/bases/base-3.15.5/epics-modules/asyn/include/ -I/usr/include/libxml2/    -MM -MF asynNDArrayDriver.d  ../asynNDArrayDriver.cpp
/usr/bin/g++  -D_GNU_SOURCE -D_DEFAULT_SOURCE            -D_X86_64_  -DUNIX  -Dlinux     -O3 -g   -Wall      -mtune=generic     -m64 -fPIC -I. -I../O.Common -I. -I. -I.. -I/epics/bases/base-3.15.5/epics-modules/adcore/include/compiler/gcc -I/epics/bases/base-3.15.5/epics-modules/adcore/include/os/Linux -I/epics/bases/base-3.15.5/epics-modules/adcore/include -I/epics/bases/base-3.15.5/include/compiler/gcc -I/epics/bases/base-3.15.5/include/os/Linux -I/epics/bases/base-3.15.5/include    -I/epics/bases/base-3.15.5/epics-modules/asyn/include/ -I/usr/include/libxml2/    -MM -MF NDArray.d  ../NDArray.cpp
/usr/bin/g++  -D_GNU_SOURCE -D_DEFAULT_SOURCE            -D_X86_64_  -DUNIX  -Dlinux     -O3 -g   -Wall      -mtune=generic     -m64 -fPIC -I. -I../O.Common -I. -I. -I.. -I/epics/bases/base-3.15.5/epics-modules/adcore/include/compiler/gcc -I/epics/bases/base-3.15.5/epics-modules/adcore/include/os/Linux -I/epics/bases/base-3.15.5/epics-modules/adcore/include -I/epics/bases/base-3.15.5/include/compiler/gcc -I/epics/bases/base-3.15.5/include/os/Linux -I/epics/bases/base-3.15.5/include    -I/epics/bases/base-3.15.5/epics-modules/asyn/include/ -I/usr/include/libxml2/    -MM -MF NDArrayPool.d  ../NDArrayPool.cpp
/usr/bin/g++  -D_GNU_SOURCE -D_DEFAULT_SOURCE            -D_X86_64_  -DUNIX  -Dlinux     -O3 -g   -Wall      -mtune=generic     -m64 -fPIC -I. -I../O.Common -I. -I. -I.. -I/epics/bases/base-3.15.5/epics-modules/adcore/include/compiler/gcc -I/epics/bases/base-3.15.5/epics-modules/adcore/include/os/Linux -I/epics/bases/base-3.15.5/epics-modules/adcore/include -I/epics/bases/base-3.15.5/include/compiler/gcc -I/epics/bases/base-3.15.5/include/os/Linux -I/epics/bases/base-3.15.5/include    -I/epics/bases/base-3.15.5/epics-modules/asyn/include/ -I/usr/include/libxml2/    -MM -MF NDAttributeList.d  ../NDAttributeList.cpp
/usr/bin/g++  -D_GNU_SOURCE -D_DEFAULT_SOURCE            -D_X86_64_  -DUNIX  -Dlinux     -O3 -g   -Wall      -mtune=generic     -m64 -fPIC -I. -I../O.Common -I. -I. -I.. -I/epics/bases/base-3.15.5/epics-modules/adcore/include/compiler/gcc -I/epics/bases/base-3.15.5/epics-modules/adcore/include/os/Linux -I/epics/bases/base-3.15.5/epics-modules/adcore/include -I/epics/bases/base-3.15.5/include/compiler/gcc -I/epics/bases/base-3.15.5/include/os/Linux -I/epics/bases/base-3.15.5/include    -I/epics/bases/base-3.15.5/epics-modules/asyn/include/ -I/usr/include/libxml2/    -MM -MF NDAttribute.d  ../NDAttribute.cpp
Installing CFG file /epics/bases/base-3.15.5/epics-modules/adcore/cfg/commonLibraryMakefile
mkdir /epics/bases/base-3.15.5/epics-modules/adcore/cfg
Installing CFG file /epics/bases/base-3.15.5/epics-modules/adcore/cfg/commonDriverMakefile
Installing dbd file /epics/bases/base-3.15.5/epics-modules/adcore/dbd/ADSupport.dbd
mkdir /epics/bases/base-3.15.5/epics-modules/adcore/dbd
Installing generic include file /epics/bases/base-3.15.5/epics-modules/adcore/include/ADCoreVersion.h
mkdir /epics/bases/base-3.15.5/epics-modules/adcore/include
Installing generic include file /epics/bases/base-3.15.5/epics-modules/adcore/include/NDAttribute.h
Installing generic include file /epics/bases/base-3.15.5/epics-modules/adcore/include/NDAttributeList.h
Installing generic include file /epics/bases/base-3.15.5/epics-modules/adcore/include/NDArray.h
Installing generic include file /epics/bases/base-3.15.5/epics-modules/adcore/include/PVAttribute.h
Installing generic include file /epics/bases/base-3.15.5/epics-modules/adcore/include/paramAttribute.h
Installing generic include file /epics/bases/base-3.15.5/epics-modules/adcore/include/functAttribute.h
Installing generic include file /epics/bases/base-3.15.5/epics-modules/adcore/include/asynNDArrayDriver.h
Installing generic include file /epics/bases/base-3.15.5/epics-modules/adcore/include/ADDriver.h
/usr/bin/g++  -D_GNU_SOURCE -D_DEFAULT_SOURCE            -D_X86_64_  -DUNIX  -Dlinux     -O3 -g   -Wall      -mtune=generic     -m64 -fPIC -I. -I../O.Common -I. -I. -I.. -I/epics/bases/base-3.15.5/epics-modules/adcore/include/compiler/gcc -I/epics/bases/base-3.15.5/epics-modules/adcore/include/os/Linux -I/epics/bases/base-3.15.5/epics-modules/adcore/include -I/epics/bases/base-3.15.5/include/compiler/gcc -I/epics/bases/base-3.15.5/include/os/Linux -I/epics/bases/base-3.15.5/include    -I/epics/bases/base-3.15.5/epics-modules/asyn/include/ -I/usr/include/libxml2/    -c ../NDAttribute.cpp
/usr/bin/g++  -D_GNU_SOURCE -D_DEFAULT_SOURCE            -D_X86_64_  -DUNIX  -Dlinux     -O3 -g   -Wall      -mtune=generic     -m64 -fPIC -I. -I../O.Common -I. -I. -I.. -I/epics/bases/base-3.15.5/epics-modules/adcore/include/compiler/gcc -I/epics/bases/base-3.15.5/epics-modules/adcore/include/os/Linux -I/epics/bases/base-3.15.5/epics-modules/adcore/include -I/epics/bases/base-3.15.5/include/compiler/gcc -I/epics/bases/base-3.15.5/include/os/Linux -I/epics/bases/base-3.15.5/include    -I/epics/bases/base-3.15.5/epics-modules/asyn/include/ -I/usr/include/libxml2/    -c ../NDAttributeList.cpp
/usr/bin/g++  -D_GNU_SOURCE -D_DEFAULT_SOURCE            -D_X86_64_  -DUNIX  -Dlinux     -O3 -g   -Wall      -mtune=generic     -m64 -fPIC -I. -I../O.Common -I. -I. -I.. -I/epics/bases/base-3.15.5/epics-modules/adcore/include/compiler/gcc -I/epics/bases/base-3.15.5/epics-modules/adcore/include/os/Linux -I/epics/bases/base-3.15.5/epics-modules/adcore/include -I/epics/bases/base-3.15.5/include/compiler/gcc -I/epics/bases/base-3.15.5/include/os/Linux -I/epics/bases/base-3.15.5/include    -I/epics/bases/base-3.15.5/epics-modules/asyn/include/ -I/usr/include/libxml2/    -c ../NDArrayPool.cpp
/usr/bin/g++  -D_GNU_SOURCE -D_DEFAULT_SOURCE            -D_X86_64_  -DUNIX  -Dlinux     -O3 -g   -Wall      -mtune=generic     -m64 -fPIC -I. -I../O.Common -I. -I. -I.. -I/epics/bases/base-3.15.5/epics-modules/adcore/include/compiler/gcc -I/epics/bases/base-3.15.5/epics-modules/adcore/include/os/Linux -I/epics/bases/base-3.15.5/epics-modules/adcore/include -I/epics/bases/base-3.15.5/include/compiler/gcc -I/epics/bases/base-3.15.5/include/os/Linux -I/epics/bases/base-3.15.5/include    -I/epics/bases/base-3.15.5/epics-modules/asyn/include/ -I/usr/include/libxml2/    -c ../NDArray.cpp
/usr/bin/g++  -D_GNU_SOURCE -D_DEFAULT_SOURCE            -D_X86_64_  -DUNIX  -Dlinux     -O3 -g   -Wall      -mtune=generic     -m64 -fPIC -I. -I../O.Common -I. -I. -I.. -I/epics/bases/base-3.15.5/epics-modules/adcore/include/compiler/gcc -I/epics/bases/base-3.15.5/epics-modules/adcore/include/os/Linux -I/epics/bases/base-3.15.5/epics-modules/adcore/include -I/epics/bases/base-3.15.5/include/compiler/gcc -I/epics/bases/base-3.15.5/include/os/Linux -I/epics/bases/base-3.15.5/include    -I/epics/bases/base-3.15.5/epics-modules/asyn/include/ -I/usr/include/libxml2/    -c ../asynNDArrayDriver.cpp
/usr/bin/g++  -D_GNU_SOURCE -D_DEFAULT_SOURCE            -D_X86_64_  -DUNIX  -Dlinux     -O3 -g   -Wall      -mtune=generic     -m64 -fPIC -I. -I../O.Common -I. -I. -I.. -I/epics/bases/base-3.15.5/epics-modules/adcore/include/compiler/gcc -I/epics/bases/base-3.15.5/epics-modules/adcore/include/os/Linux -I/epics/bases/base-3.15.5/epics-modules/adcore/include -I/epics/bases/base-3.15.5/include/compiler/gcc -I/epics/bases/base-3.15.5/include/os/Linux -I/epics/bases/base-3.15.5/include    -I/epics/bases/base-3.15.5/epics-modules/asyn/include/ -I/usr/include/libxml2/    -c ../ADDriver.cpp
/usr/bin/g++  -D_GNU_SOURCE -D_DEFAULT_SOURCE            -D_X86_64_  -DUNIX  -Dlinux     -O3 -g   -Wall      -mtune=generic     -m64 -fPIC -I. -I../O.Common -I. -I. -I.. -I/epics/bases/base-3.15.5/epics-modules/adcore/include/compiler/gcc -I/epics/bases/base-3.15.5/epics-modules/adcore/include/os/Linux -I/epics/bases/base-3.15.5/epics-modules/adcore/include -I/epics/bases/base-3.15.5/include/compiler/gcc -I/epics/bases/base-3.15.5/include/os/Linux -I/epics/bases/base-3.15.5/include    -I/epics/bases/base-3.15.5/epics-modules/asyn/include/ -I/usr/include/libxml2/    -c ../paramAttribute.cpp
/usr/bin/g++  -D_GNU_SOURCE -D_DEFAULT_SOURCE            -D_X86_64_  -DUNIX  -Dlinux     -O3 -g   -Wall      -mtune=generic     -m64 -fPIC -I. -I../O.Common -I. -I. -I.. -I/epics/bases/base-3.15.5/epics-modules/adcore/include/compiler/gcc -I/epics/bases/base-3.15.5/epics-modules/adcore/include/os/Linux -I/epics/bases/base-3.15.5/epics-modules/adcore/include -I/epics/bases/base-3.15.5/include/compiler/gcc -I/epics/bases/base-3.15.5/include/os/Linux -I/epics/bases/base-3.15.5/include    -I/epics/bases/base-3.15.5/epics-modules/asyn/include/ -I/usr/include/libxml2/    -c ../PVAttribute.cpp
/usr/bin/g++  -D_GNU_SOURCE -D_DEFAULT_SOURCE            -D_X86_64_  -DUNIX  -Dlinux     -O3 -g   -Wall      -mtune=generic     -m64 -fPIC -I. -I../O.Common -I. -I. -I.. -I/epics/bases/base-3.15.5/epics-modules/adcore/include/compiler/gcc -I/epics/bases/base-3.15.5/epics-modules/adcore/include/os/Linux -I/epics/bases/base-3.15.5/epics-modules/adcore/include -I/epics/bases/base-3.15.5/include/compiler/gcc -I/epics/bases/base-3.15.5/include/os/Linux -I/epics/bases/base-3.15.5/include    -I/epics/bases/base-3.15.5/epics-modules/asyn/include/ -I/usr/include/libxml2/    -c ../functAttribute.cpp
/usr/bin/gcc  -D_GNU_SOURCE -D_DEFAULT_SOURCE            -D_X86_64_  -DUNIX  -Dlinux     -O3 -g   -Wall      -mtune=generic     -m64 -fPIC -I. -I../O.Common -I. -I. -I.. -I/epics/bases/base-3.15.5/epics-modules/adcore/include/compiler/gcc -I/epics/bases/base-3.15.5/epics-modules/adcore/include/os/Linux -I/epics/bases/base-3.15.5/epics-modules/adcore/include -I/epics/bases/base-3.15.5/include/compiler/gcc -I/epics/bases/base-3.15.5/include/os/Linux -I/epics/bases/base-3.15.5/include    -I/epics/bases/base-3.15.5/epics-modules/asyn/include/ -I/usr/include/libxml2/    -c ../parseAreaPrefixes.c
/usr/bin/g++  -D_GNU_SOURCE -D_DEFAULT_SOURCE            -D_X86_64_  -DUNIX  -Dlinux     -O3 -g   -Wall      -mtune=generic     -m64 -fPIC -I. -I../O.Common -I. -I. -I.. -I/epics/bases/base-3.15.5/epics-modules/adcore/include/compiler/gcc -I/epics/bases/base-3.15.5/epics-modules/adcore/include/os/Linux -I/epics/bases/base-3.15.5/epics-modules/adcore/include -I/epics/bases/base-3.15.5/include/compiler/gcc -I/epics/bases/base-3.15.5/include/os/Linux -I/epics/bases/base-3.15.5/include    -I/epics/bases/base-3.15.5/epics-modules/asyn/include/ -I/usr/include/libxml2/    -c ../myTimeStampSource.cpp
/usr/bin/g++  -D_GNU_SOURCE -D_DEFAULT_SOURCE            -D_X86_64_  -DUNIX  -Dlinux     -O3 -g   -Wall      -mtune=generic     -m64 -fPIC -I. -I../O.Common -I. -I. -I.. -I/epics/bases/base-3.15.5/epics-modules/adcore/include/compiler/gcc -I/epics/bases/base-3.15.5/epics-modules/adcore/include/os/Linux -I/epics/bases/base-3.15.5/epics-modules/adcore/include -I/epics/bases/base-3.15.5/include/compiler/gcc -I/epics/bases/base-3.15.5/include/os/Linux -I/epics/bases/base-3.15.5/include    -I/epics/bases/base-3.15.5/epics-modules/asyn/include/ -I/usr/include/libxml2/    -c ../myAttributeFunctions.cpp
/usr/bin/ar -rc    libADBase.a         NDAttribute.o NDAttributeList.o NDArrayPool.o NDArray.o asynNDArrayDriver.o ADDriver.o paramAttribute.o PVAttribute.o functAttribute.o parseAreaPrefixes.o myTimeStampSource.o myAttributeFunctions.o
/usr/bin/ranlib libADBase.a
/usr/bin/g++ -o libADBase.so -shared -fPIC -Wl,-hlibADBase.so -L/epics/bases/base-3.15.5/epics-modules/adcore/lib/linux-x86_64 -L/epics/bases/base-3.15.5/epics-modules/asyn/lib/linux-x86_64 -L/epics/bases/base-3.15.5/lib/linux-x86_64 -Wl,-rpath,/epics/bases/base-3.15.5/epics-modules/adcore/lib/linux-x86_64 -Wl,-rpath,/epics/bases/base-3.15.5/epics-modules/asyn/lib/linux-x86_64 -Wl,-rpath,/epics/bases/base-3.15.5/lib/linux-x86_64           -rdynamic -m64             NDAttribute.o NDAttributeList.o NDArrayPool.o NDArray.o asynNDArrayDriver.o ADDriver.o paramAttribute.o PVAttribute.o functAttribute.o parseAreaPrefixes.o myTimeStampSource.o myAttributeFunctions.o   -lasyn -ldbRecStd -ldbCore -lca -lCom  -lxml2 -lpthread   -lreadline -lm -lrt -ldl -lgcc
Installing shared library /epics/bases/base-3.15.5/epics-modules/adcore/lib/linux-x86_64/libADBase.so
mkdir /epics/bases/base-3.15.5/epics-modules/adcore/lib
mkdir /epics/bases/base-3.15.5/epics-modules/adcore/lib/linux-x86_64
Installing library /epics/bases/base-3.15.5/epics-modules/adcore/lib/linux-x86_64/libADBase.a
make[4]: Leaving directory '/home/william/e3-workspace/git/e3-ADCore/ADCore/ADApp/ADSrc/O.linux-x86_64'
make[3]: Leaving directory '/home/william/e3-workspace/git/e3-ADCore/ADCore/ADApp/ADSrc'
make -C ./pluginSrc install 
make[3]: Entering directory '/home/william/e3-workspace/git/e3-ADCore/ADCore/ADApp/pluginSrc'
perl -CSD /epics/bases/base-3.15.5/bin/linux-x86_64/makeMakefile.pl O.linux-x86_64 ../../..
mkdir O.Common
make -C O.linux-x86_64 -f ../Makefile TOP=../../.. \
    T_A=linux-x86_64 install
make[4]: Entering directory '/home/william/e3-workspace/git/e3-ADCore/ADCore/ADApp/pluginSrc/O.linux-x86_64'
/usr/bin/g++  -D_GNU_SOURCE -D_DEFAULT_SOURCE            -D_X86_64_  -DUNIX  -Dlinux     -O3 -g   -Wall     -DH5_NO_DEPRECATED_SYMBOLS -DH5Gopen_vers=2  -mtune=generic     -m64 -fPIC -I. -I../O.Common -I. -I. -I.. -I/epics/bases/base-3.15.5/epics-modules/adcore/include/compiler/gcc -I/epics/bases/base-3.15.5/epics-modules/adcore/include/os/Linux -I/epics/bases/base-3.15.5/epics-modules/adcore/include -I/epics/bases/base-3.15.5/include/compiler/gcc -I/epics/bases/base-3.15.5/include/os/Linux -I/epics/bases/base-3.15.5/include    -I/epics/bases/base-3.15.5/epics-modules/asyn/include/ -I/usr/include/libxml2/    -MM -MF NDFileNull.d  ../NDFileNull.cpp
/usr/bin/g++  -D_GNU_SOURCE -D_DEFAULT_SOURCE            -D_X86_64_  -DUNIX  -Dlinux     -O3 -g   -Wall     -DH5_NO_DEPRECATED_SYMBOLS -DH5Gopen_vers=2  -mtune=generic     -m64 -fPIC -I. -I../O.Common -I. -I. -I.. -I/epics/bases/base-3.15.5/epics-modules/adcore/include/compiler/gcc -I/epics/bases/base-3.15.5/epics-modules/adcore/include/os/Linux -I/epics/bases/base-3.15.5/epics-modules/adcore/include -I/epics/bases/base-3.15.5/include/compiler/gcc -I/epics/bases/base-3.15.5/include/os/Linux -I/epics/bases/base-3.15.5/include    -I/epics/bases/base-3.15.5/epics-modules/asyn/include/ -I/usr/include/libxml2/    -MM -MF NDPluginFile.d  ../NDPluginFile.cpp
/usr/bin/g++  -D_GNU_SOURCE -D_DEFAULT_SOURCE            -D_X86_64_  -DUNIX  -Dlinux     -O3 -g   -Wall     -DH5_NO_DEPRECATED_SYMBOLS -DH5Gopen_vers=2  -mtune=generic     -m64 -fPIC -I. -I../O.Common -I. -I. -I.. -I/epics/bases/base-3.15.5/epics-modules/adcore/include/compiler/gcc -I/epics/bases/base-3.15.5/epics-modules/adcore/include/os/Linux -I/epics/bases/base-3.15.5/epics-modules/adcore/include -I/epics/bases/base-3.15.5/include/compiler/gcc -I/epics/bases/base-3.15.5/include/os/Linux -I/epics/bases/base-3.15.5/include    -I/epics/bases/base-3.15.5/epics-modules/asyn/include/ -I/usr/include/libxml2/    -MM -MF NDPosPluginFileReader.d  ../NDPosPluginFileReader.cpp
/usr/bin/g++  -D_GNU_SOURCE -D_DEFAULT_SOURCE            -D_X86_64_  -DUNIX  -Dlinux     -O3 -g   -Wall     -DH5_NO_DEPRECATED_SYMBOLS -DH5Gopen_vers=2  -mtune=generic     -m64 -fPIC -I. -I../O.Common -I. -I. -I.. -I/epics/bases/base-3.15.5/epics-modules/adcore/include/compiler/gcc -I/epics/bases/base-3.15.5/epics-modules/adcore/include/os/Linux -I/epics/bases/base-3.15.5/epics-modules/adcore/include -I/epics/bases/base-3.15.5/include/compiler/gcc -I/epics/bases/base-3.15.5/include/os/Linux -I/epics/bases/base-3.15.5/include    -I/epics/bases/base-3.15.5/epics-modules/asyn/include/ -I/usr/include/libxml2/    -MM -MF NDPosPlugin.d  ../NDPosPlugin.cpp
/usr/bin/g++  -D_GNU_SOURCE -D_DEFAULT_SOURCE            -D_X86_64_  -DUNIX  -Dlinux     -O3 -g   -Wall     -DH5_NO_DEPRECATED_SYMBOLS -DH5Gopen_vers=2  -mtune=generic     -m64 -fPIC -I. -I../O.Common -I. -I. -I.. -I/epics/bases/base-3.15.5/epics-modules/adcore/include/compiler/gcc -I/epics/bases/base-3.15.5/epics-modules/adcore/include/os/Linux -I/epics/bases/base-3.15.5/epics-modules/adcore/include -I/epics/bases/base-3.15.5/include/compiler/gcc -I/epics/bases/base-3.15.5/include/os/Linux -I/epics/bases/base-3.15.5/include    -I/epics/bases/base-3.15.5/epics-modules/asyn/include/ -I/usr/include/libxml2/    -MM -MF NDPluginAttrPlot.d  ../NDPluginAttrPlot.cpp
/usr/bin/g++  -D_GNU_SOURCE -D_DEFAULT_SOURCE            -D_X86_64_  -DUNIX  -Dlinux     -O3 -g   -Wall     -DH5_NO_DEPRECATED_SYMBOLS -DH5Gopen_vers=2  -mtune=generic     -m64 -fPIC -I. -I../O.Common -I. -I. -I.. -I/epics/bases/base-3.15.5/epics-modules/adcore/include/compiler/gcc -I/epics/bases/base-3.15.5/epics-modules/adcore/include/os/Linux -I/epics/bases/base-3.15.5/epics-modules/adcore/include -I/epics/bases/base-3.15.5/include/compiler/gcc -I/epics/bases/base-3.15.5/include/os/Linux -I/epics/bases/base-3.15.5/include    -I/epics/bases/base-3.15.5/epics-modules/asyn/include/ -I/usr/include/libxml2/    -MM -MF NDPluginTransform.d  ../NDPluginTransform.cpp
/usr/bin/g++  -D_GNU_SOURCE -D_DEFAULT_SOURCE            -D_X86_64_  -DUNIX  -Dlinux     -O3 -g   -Wall     -DH5_NO_DEPRECATED_SYMBOLS -DH5Gopen_vers=2  -mtune=generic     -m64 -fPIC -I. -I../O.Common -I. -I. -I.. -I/epics/bases/base-3.15.5/epics-modules/adcore/include/compiler/gcc -I/epics/bases/base-3.15.5/epics-modules/adcore/include/os/Linux -I/epics/bases/base-3.15.5/epics-modules/adcore/include -I/epics/bases/base-3.15.5/include/compiler/gcc -I/epics/bases/base-3.15.5/include/os/Linux -I/epics/bases/base-3.15.5/include    -I/epics/bases/base-3.15.5/epics-modules/asyn/include/ -I/usr/include/libxml2/    -MM -MF NDPluginTimeSeries.d  ../NDPluginTimeSeries.cpp
/usr/bin/g++  -D_GNU_SOURCE -D_DEFAULT_SOURCE            -D_X86_64_  -DUNIX  -Dlinux     -O3 -g   -Wall     -DH5_NO_DEPRECATED_SYMBOLS -DH5Gopen_vers=2  -mtune=generic     -m64 -fPIC -I. -I../O.Common -I. -I. -I.. -I/epics/bases/base-3.15.5/epics-modules/adcore/include/compiler/gcc -I/epics/bases/base-3.15.5/epics-modules/adcore/include/os/Linux -I/epics/bases/base-3.15.5/epics-modules/adcore/include -I/epics/bases/base-3.15.5/include/compiler/gcc -I/epics/bases/base-3.15.5/include/os/Linux -I/epics/bases/base-3.15.5/include    -I/epics/bases/base-3.15.5/epics-modules/asyn/include/ -I/usr/include/libxml2/    -MM -MF NDPluginStdArrays.d  ../NDPluginStdArrays.cpp
/usr/bin/g++  -D_GNU_SOURCE -D_DEFAULT_SOURCE            -D_X86_64_  -DUNIX  -Dlinux     -O3 -g   -Wall     -DH5_NO_DEPRECATED_SYMBOLS -DH5Gopen_vers=2  -mtune=generic     -m64 -fPIC -I. -I../O.Common -I. -I. -I.. -I/epics/bases/base-3.15.5/epics-modules/adcore/include/compiler/gcc -I/epics/bases/base-3.15.5/epics-modules/adcore/include/os/Linux -I/epics/bases/base-3.15.5/epics-modules/adcore/include -I/epics/bases/base-3.15.5/include/compiler/gcc -I/epics/bases/base-3.15.5/include/os/Linux -I/epics/bases/base-3.15.5/include    -I/epics/bases/base-3.15.5/epics-modules/asyn/include/ -I/usr/include/libxml2/    -MM -MF NDPluginStats.d  ../NDPluginStats.cpp
/usr/bin/g++  -D_GNU_SOURCE -D_DEFAULT_SOURCE            -D_X86_64_  -DUNIX  -Dlinux     -O3 -g   -Wall     -DH5_NO_DEPRECATED_SYMBOLS -DH5Gopen_vers=2  -mtune=generic     -m64 -fPIC -I. -I../O.Common -I. -I. -I.. -I/epics/bases/base-3.15.5/epics-modules/adcore/include/compiler/gcc -I/epics/bases/base-3.15.5/epics-modules/adcore/include/os/Linux -I/epics/bases/base-3.15.5/epics-modules/adcore/include -I/epics/bases/base-3.15.5/include/compiler/gcc -I/epics/bases/base-3.15.5/include/os/Linux -I/epics/bases/base-3.15.5/include    -I/epics/bases/base-3.15.5/epics-modules/asyn/include/ -I/usr/include/libxml2/    -MM -MF NDPluginScatter.d  ../NDPluginScatter.cpp
/usr/bin/g++  -D_GNU_SOURCE -D_DEFAULT_SOURCE            -D_X86_64_  -DUNIX  -Dlinux     -O3 -g   -Wall     -DH5_NO_DEPRECATED_SYMBOLS -DH5Gopen_vers=2  -mtune=generic     -m64 -fPIC -I. -I../O.Common -I. -I. -I.. -I/epics/bases/base-3.15.5/epics-modules/adcore/include/compiler/gcc -I/epics/bases/base-3.15.5/epics-modules/adcore/include/os/Linux -I/epics/bases/base-3.15.5/epics-modules/adcore/include -I/epics/bases/base-3.15.5/include/compiler/gcc -I/epics/bases/base-3.15.5/include/os/Linux -I/epics/bases/base-3.15.5/include    -I/epics/bases/base-3.15.5/epics-modules/asyn/include/ -I/usr/include/libxml2/    -MM -MF NDPluginROIStat.d  ../NDPluginROIStat.cpp
/usr/bin/g++  -D_GNU_SOURCE -D_DEFAULT_SOURCE            -D_X86_64_  -DUNIX  -Dlinux     -O3 -g   -Wall     -DH5_NO_DEPRECATED_SYMBOLS -DH5Gopen_vers=2  -mtune=generic     -m64 -fPIC -I. -I../O.Common -I. -I. -I.. -I/epics/bases/base-3.15.5/epics-modules/adcore/include/compiler/gcc -I/epics/bases/base-3.15.5/epics-modules/adcore/include/os/Linux -I/epics/bases/base-3.15.5/epics-modules/adcore/include -I/epics/bases/base-3.15.5/include/compiler/gcc -I/epics/bases/base-3.15.5/include/os/Linux -I/epics/bases/base-3.15.5/include    -I/epics/bases/base-3.15.5/epics-modules/asyn/include/ -I/usr/include/libxml2/    -MM -MF NDPluginROI.d  ../NDPluginROI.cpp
/usr/bin/g++  -D_GNU_SOURCE -D_DEFAULT_SOURCE            -D_X86_64_  -DUNIX  -Dlinux     -O3 -g   -Wall     -DH5_NO_DEPRECATED_SYMBOLS -DH5Gopen_vers=2  -mtune=generic     -m64 -fPIC -I. -I../O.Common -I. -I. -I.. -I/epics/bases/base-3.15.5/epics-modules/adcore/include/compiler/gcc -I/epics/bases/base-3.15.5/epics-modules/adcore/include/os/Linux -I/epics/bases/base-3.15.5/epics-modules/adcore/include -I/epics/bases/base-3.15.5/include/compiler/gcc -I/epics/bases/base-3.15.5/include/os/Linux -I/epics/bases/base-3.15.5/include    -I/epics/bases/base-3.15.5/epics-modules/asyn/include/ -I/usr/include/libxml2/    -MM -MF NDPluginProcess.d  ../NDPluginProcess.cpp
/usr/bin/g++  -D_GNU_SOURCE -D_DEFAULT_SOURCE            -D_X86_64_  -DUNIX  -Dlinux     -O3 -g   -Wall     -DH5_NO_DEPRECATED_SYMBOLS -DH5Gopen_vers=2  -mtune=generic     -m64 -fPIC -I. -I../O.Common -I. -I. -I.. -I/epics/bases/base-3.15.5/epics-modules/adcore/include/compiler/gcc -I/epics/bases/base-3.15.5/epics-modules/adcore/include/os/Linux -I/epics/bases/base-3.15.5/epics-modules/adcore/include -I/epics/bases/base-3.15.5/include/compiler/gcc -I/epics/bases/base-3.15.5/include/os/Linux -I/epics/bases/base-3.15.5/include    -I/epics/bases/base-3.15.5/epics-modules/asyn/include/ -I/usr/include/libxml2/    -MM -MF NDPluginOverlayTextFont.d  ../NDPluginOverlayTextFont.cpp
/usr/bin/g++  -D_GNU_SOURCE -D_DEFAULT_SOURCE            -D_X86_64_  -DUNIX  -Dlinux     -O3 -g   -Wall     -DH5_NO_DEPRECATED_SYMBOLS -DH5Gopen_vers=2  -mtune=generic     -m64 -fPIC -I. -I../O.Common -I. -I. -I.. -I/epics/bases/base-3.15.5/epics-modules/adcore/include/compiler/gcc -I/epics/bases/base-3.15.5/epics-modules/adcore/include/os/Linux -I/epics/bases/base-3.15.5/epics-modules/adcore/include -I/epics/bases/base-3.15.5/include/compiler/gcc -I/epics/bases/base-3.15.5/include/os/Linux -I/epics/bases/base-3.15.5/include    -I/epics/bases/base-3.15.5/epics-modules/asyn/include/ -I/usr/include/libxml2/    -MM -MF NDPluginOverlay.d  ../NDPluginOverlay.cpp
/usr/bin/g++  -D_GNU_SOURCE -D_DEFAULT_SOURCE            -D_X86_64_  -DUNIX  -Dlinux     -O3 -g   -Wall     -DH5_NO_DEPRECATED_SYMBOLS -DH5Gopen_vers=2  -mtune=generic     -m64 -fPIC -I. -I../O.Common -I. -I. -I.. -I/epics/bases/base-3.15.5/epics-modules/adcore/include/compiler/gcc -I/epics/bases/base-3.15.5/epics-modules/adcore/include/os/Linux -I/epics/bases/base-3.15.5/epics-modules/adcore/include -I/epics/bases/base-3.15.5/include/compiler/gcc -I/epics/bases/base-3.15.5/include/os/Linux -I/epics/bases/base-3.15.5/include    -I/epics/bases/base-3.15.5/epics-modules/asyn/include/ -I/usr/include/libxml2/    -MM -MF NDPluginGather.d  ../NDPluginGather.cpp
/usr/bin/gcc  -D_GNU_SOURCE -D_DEFAULT_SOURCE            -D_X86_64_  -DUNIX  -Dlinux     -O3 -g   -Wall      -mtune=generic     -m64 -fPIC -I. -I../O.Common -I. -I. -I.. -I/epics/bases/base-3.15.5/epics-modules/adcore/include/compiler/gcc -I/epics/bases/base-3.15.5/epics-modules/adcore/include/os/Linux -I/epics/bases/base-3.15.5/epics-modules/adcore/include -I/epics/bases/base-3.15.5/include/compiler/gcc -I/epics/bases/base-3.15.5/include/os/Linux -I/epics/bases/base-3.15.5/include    -I/epics/bases/base-3.15.5/epics-modules/asyn/include/ -I/usr/include/libxml2/    -MM -MF fft.d  ../fft.c
/usr/bin/g++  -D_GNU_SOURCE -D_DEFAULT_SOURCE            -D_X86_64_  -DUNIX  -Dlinux     -O3 -g   -Wall     -DH5_NO_DEPRECATED_SYMBOLS -DH5Gopen_vers=2  -mtune=generic     -m64 -fPIC -I. -I../O.Common -I. -I. -I.. -I/epics/bases/base-3.15.5/epics-modules/adcore/include/compiler/gcc -I/epics/bases/base-3.15.5/epics-modules/adcore/include/os/Linux -I/epics/bases/base-3.15.5/epics-modules/adcore/include -I/epics/bases/base-3.15.5/include/compiler/gcc -I/epics/bases/base-3.15.5/include/os/Linux -I/epics/bases/base-3.15.5/include    -I/epics/bases/base-3.15.5/epics-modules/asyn/include/ -I/usr/include/libxml2/    -MM -MF NDPluginFFT.d  ../NDPluginFFT.cpp
/usr/bin/g++  -D_GNU_SOURCE -D_DEFAULT_SOURCE            -D_X86_64_  -DUNIX  -Dlinux     -O3 -g   -Wall     -DH5_NO_DEPRECATED_SYMBOLS -DH5Gopen_vers=2  -mtune=generic     -m64 -fPIC -I. -I../O.Common -I. -I. -I.. -I/epics/bases/base-3.15.5/epics-modules/adcore/include/compiler/gcc -I/epics/bases/base-3.15.5/epics-modules/adcore/include/os/Linux -I/epics/bases/base-3.15.5/epics-modules/adcore/include -I/epics/bases/base-3.15.5/include/compiler/gcc -I/epics/bases/base-3.15.5/include/os/Linux -I/epics/bases/base-3.15.5/include    -I/epics/bases/base-3.15.5/epics-modules/asyn/include/ -I/usr/include/libxml2/    -MM -MF NDPluginColorConvert.d  ../NDPluginColorConvert.cpp
/usr/bin/g++  -D_GNU_SOURCE -D_DEFAULT_SOURCE            -D_X86_64_  -DUNIX  -Dlinux     -O3 -g   -Wall     -DH5_NO_DEPRECATED_SYMBOLS -DH5Gopen_vers=2  -mtune=generic     -m64 -fPIC -I. -I../O.Common -I. -I. -I.. -I/epics/bases/base-3.15.5/epics-modules/adcore/include/compiler/gcc -I/epics/bases/base-3.15.5/epics-modules/adcore/include/os/Linux -I/epics/bases/base-3.15.5/epics-modules/adcore/include -I/epics/bases/base-3.15.5/include/compiler/gcc -I/epics/bases/base-3.15.5/include/os/Linux -I/epics/bases/base-3.15.5/include    -I/epics/bases/base-3.15.5/epics-modules/asyn/include/ -I/usr/include/libxml2/    -MM -MF NDArrayRing.d  ../NDArrayRing.cpp
/usr/bin/g++  -D_GNU_SOURCE -D_DEFAULT_SOURCE            -D_X86_64_  -DUNIX  -Dlinux     -O3 -g   -Wall     -DH5_NO_DEPRECATED_SYMBOLS -DH5Gopen_vers=2  -mtune=generic     -m64 -fPIC -I. -I../O.Common -I. -I. -I.. -I/epics/bases/base-3.15.5/epics-modules/adcore/include/compiler/gcc -I/epics/bases/base-3.15.5/epics-modules/adcore/include/os/Linux -I/epics/bases/base-3.15.5/epics-modules/adcore/include -I/epics/bases/base-3.15.5/include/compiler/gcc -I/epics/bases/base-3.15.5/include/os/Linux -I/epics/bases/base-3.15.5/include    -I/epics/bases/base-3.15.5/epics-modules/asyn/include/ -I/usr/include/libxml2/    -MM -MF NDPluginCircularBuff.d  ../NDPluginCircularBuff.cpp
/usr/bin/g++  -D_GNU_SOURCE -D_DEFAULT_SOURCE            -D_X86_64_  -DUNIX  -Dlinux     -O3 -g   -Wall     -DH5_NO_DEPRECATED_SYMBOLS -DH5Gopen_vers=2  -mtune=generic     -m64 -fPIC -I. -I../O.Common -I. -I. -I.. -I/epics/bases/base-3.15.5/epics-modules/adcore/include/compiler/gcc -I/epics/bases/base-3.15.5/epics-modules/adcore/include/os/Linux -I/epics/bases/base-3.15.5/epics-modules/adcore/include -I/epics/bases/base-3.15.5/include/compiler/gcc -I/epics/bases/base-3.15.5/include/os/Linux -I/epics/bases/base-3.15.5/include    -I/epics/bases/base-3.15.5/epics-modules/asyn/include/ -I/usr/include/libxml2/    -MM -MF NDPluginAttribute.d  ../NDPluginAttribute.cpp
/usr/bin/g++  -D_GNU_SOURCE -D_DEFAULT_SOURCE            -D_X86_64_  -DUNIX  -Dlinux     -O3 -g   -Wall     -DH5_NO_DEPRECATED_SYMBOLS -DH5Gopen_vers=2  -mtune=generic     -m64 -fPIC -I. -I../O.Common -I. -I. -I.. -I/epics/bases/base-3.15.5/epics-modules/adcore/include/compiler/gcc -I/epics/bases/base-3.15.5/epics-modules/adcore/include/os/Linux -I/epics/bases/base-3.15.5/epics-modules/adcore/include -I/epics/bases/base-3.15.5/include/compiler/gcc -I/epics/bases/base-3.15.5/include/os/Linux -I/epics/bases/base-3.15.5/include    -I/epics/bases/base-3.15.5/epics-modules/asyn/include/ -I/usr/include/libxml2/    -MM -MF NDPluginDriver.d  ../NDPluginDriver.cpp
Creating dbd file NDPluginSupport.dbd
perl -CSD /epics/bases/base-3.15.5/bin/linux-x86_64/dbdExpand.pl   -I. -I.. -I../O.Common -I/epics/bases/base-3.15.5/epics-modules/adcore/dbd -I/epics/bases/base-3.15.5/dbd -o NDPluginSupport.dbd NDPluginAttribute.dbd NDPluginCircularBuff.dbd NDPluginColorConvert.dbd NDPluginFFT.dbd NDPluginGather.dbd NDPluginOverlay.dbd NDPluginProcess.dbd NDPluginROI.dbd NDPluginROIStat.dbd NDPluginScatter.dbd NDPluginStats.dbd NDPluginStdArrays.dbd NDPluginTimeSeries.dbd NDPluginTransform.dbd NDPluginAttrPlot.dbd
Installing created dbd file /epics/bases/base-3.15.5/epics-modules/adcore/dbd/NDPluginSupport.dbd
Installing dbd file /epics/bases/base-3.15.5/epics-modules/adcore/dbd/NDPosPlugin.dbd
Installing dbd file /epics/bases/base-3.15.5/epics-modules/adcore/dbd/NDFileNull.dbd
Installing generic include file /epics/bases/base-3.15.5/epics-modules/adcore/include/NDPluginDriver.h
Installing generic include file /epics/bases/base-3.15.5/epics-modules/adcore/include/NDPluginAttribute.h
Installing generic include file /epics/bases/base-3.15.5/epics-modules/adcore/include/NDArrayRing.h
Installing generic include file /epics/bases/base-3.15.5/epics-modules/adcore/include/NDPluginCircularBuff.h
Installing generic include file /epics/bases/base-3.15.5/epics-modules/adcore/include/NDPluginColorConvert.h
Installing generic include file /epics/bases/base-3.15.5/epics-modules/adcore/include/NDPluginFFT.h
Installing generic include file /epics/bases/base-3.15.5/epics-modules/adcore/include/NDPluginGather.h
Installing generic include file /epics/bases/base-3.15.5/epics-modules/adcore/include/NDPluginOverlay.h
Installing generic include file /epics/bases/base-3.15.5/epics-modules/adcore/include/NDPluginOverlayTextFont.h
Installing generic include file /epics/bases/base-3.15.5/epics-modules/adcore/include/NDPluginProcess.h
Installing generic include file /epics/bases/base-3.15.5/epics-modules/adcore/include/NDPluginROI.h
Installing generic include file /epics/bases/base-3.15.5/epics-modules/adcore/include/NDPluginROIStat.h
Installing generic include file /epics/bases/base-3.15.5/epics-modules/adcore/include/NDPluginScatter.h
Installing generic include file /epics/bases/base-3.15.5/epics-modules/adcore/include/NDPluginStats.h
Installing generic include file /epics/bases/base-3.15.5/epics-modules/adcore/include/NDPluginStdArrays.h
Installing generic include file /epics/bases/base-3.15.5/epics-modules/adcore/include/NDPluginTimeSeries.h
Installing generic include file /epics/bases/base-3.15.5/epics-modules/adcore/include/NDPluginTransform.h
Installing generic include file /epics/bases/base-3.15.5/epics-modules/adcore/include/NDPluginAttrPlot.h
Installing generic include file /epics/bases/base-3.15.5/epics-modules/adcore/include/CircularBuffer.h
Installing generic include file /epics/bases/base-3.15.5/epics-modules/adcore/include/NDPosPlugin.h
Installing generic include file /epics/bases/base-3.15.5/epics-modules/adcore/include/NDPosPluginFileReader.h
Installing generic include file /epics/bases/base-3.15.5/epics-modules/adcore/include/NDPluginFile.h
Installing generic include file /epics/bases/base-3.15.5/epics-modules/adcore/include/NDFileNull.h
/usr/bin/g++  -D_GNU_SOURCE -D_DEFAULT_SOURCE            -D_X86_64_  -DUNIX  -Dlinux     -O3 -g   -Wall     -DH5_NO_DEPRECATED_SYMBOLS -DH5Gopen_vers=2  -mtune=generic     -m64 -fPIC -I. -I../O.Common -I. -I. -I.. -I/epics/bases/base-3.15.5/epics-modules/adcore/include/compiler/gcc -I/epics/bases/base-3.15.5/epics-modules/adcore/include/os/Linux -I/epics/bases/base-3.15.5/epics-modules/adcore/include -I/epics/bases/base-3.15.5/include/compiler/gcc -I/epics/bases/base-3.15.5/include/os/Linux -I/epics/bases/base-3.15.5/include    -I/epics/bases/base-3.15.5/epics-modules/asyn/include/ -I/usr/include/libxml2/    -c ../NDPluginDriver.cpp
/usr/bin/g++  -D_GNU_SOURCE -D_DEFAULT_SOURCE            -D_X86_64_  -DUNIX  -Dlinux     -O3 -g   -Wall     -DH5_NO_DEPRECATED_SYMBOLS -DH5Gopen_vers=2  -mtune=generic     -m64 -fPIC -I. -I../O.Common -I. -I. -I.. -I/epics/bases/base-3.15.5/epics-modules/adcore/include/compiler/gcc -I/epics/bases/base-3.15.5/epics-modules/adcore/include/os/Linux -I/epics/bases/base-3.15.5/epics-modules/adcore/include -I/epics/bases/base-3.15.5/include/compiler/gcc -I/epics/bases/base-3.15.5/include/os/Linux -I/epics/bases/base-3.15.5/include    -I/epics/bases/base-3.15.5/epics-modules/asyn/include/ -I/usr/include/libxml2/    -c ../NDPluginAttribute.cpp
/usr/bin/g++  -D_GNU_SOURCE -D_DEFAULT_SOURCE            -D_X86_64_  -DUNIX  -Dlinux     -O3 -g   -Wall     -DH5_NO_DEPRECATED_SYMBOLS -DH5Gopen_vers=2  -mtune=generic     -m64 -fPIC -I. -I../O.Common -I. -I. -I.. -I/epics/bases/base-3.15.5/epics-modules/adcore/include/compiler/gcc -I/epics/bases/base-3.15.5/epics-modules/adcore/include/os/Linux -I/epics/bases/base-3.15.5/epics-modules/adcore/include -I/epics/bases/base-3.15.5/include/compiler/gcc -I/epics/bases/base-3.15.5/include/os/Linux -I/epics/bases/base-3.15.5/include    -I/epics/bases/base-3.15.5/epics-modules/asyn/include/ -I/usr/include/libxml2/    -c ../NDPluginCircularBuff.cpp
/usr/bin/g++  -D_GNU_SOURCE -D_DEFAULT_SOURCE            -D_X86_64_  -DUNIX  -Dlinux     -O3 -g   -Wall     -DH5_NO_DEPRECATED_SYMBOLS -DH5Gopen_vers=2  -mtune=generic     -m64 -fPIC -I. -I../O.Common -I. -I. -I.. -I/epics/bases/base-3.15.5/epics-modules/adcore/include/compiler/gcc -I/epics/bases/base-3.15.5/epics-modules/adcore/include/os/Linux -I/epics/bases/base-3.15.5/epics-modules/adcore/include -I/epics/bases/base-3.15.5/include/compiler/gcc -I/epics/bases/base-3.15.5/include/os/Linux -I/epics/bases/base-3.15.5/include    -I/epics/bases/base-3.15.5/epics-modules/asyn/include/ -I/usr/include/libxml2/    -c ../NDArrayRing.cpp
/usr/bin/g++  -D_GNU_SOURCE -D_DEFAULT_SOURCE            -D_X86_64_  -DUNIX  -Dlinux     -O3 -g   -Wall     -DH5_NO_DEPRECATED_SYMBOLS -DH5Gopen_vers=2  -mtune=generic     -m64 -fPIC -I. -I../O.Common -I. -I. -I.. -I/epics/bases/base-3.15.5/epics-modules/adcore/include/compiler/gcc -I/epics/bases/base-3.15.5/epics-modules/adcore/include/os/Linux -I/epics/bases/base-3.15.5/epics-modules/adcore/include -I/epics/bases/base-3.15.5/include/compiler/gcc -I/epics/bases/base-3.15.5/include/os/Linux -I/epics/bases/base-3.15.5/include    -I/epics/bases/base-3.15.5/epics-modules/asyn/include/ -I/usr/include/libxml2/    -c ../NDPluginColorConvert.cpp
/usr/bin/g++  -D_GNU_SOURCE -D_DEFAULT_SOURCE            -D_X86_64_  -DUNIX  -Dlinux     -O3 -g   -Wall     -DH5_NO_DEPRECATED_SYMBOLS -DH5Gopen_vers=2  -mtune=generic     -m64 -fPIC -I. -I../O.Common -I. -I. -I.. -I/epics/bases/base-3.15.5/epics-modules/adcore/include/compiler/gcc -I/epics/bases/base-3.15.5/epics-modules/adcore/include/os/Linux -I/epics/bases/base-3.15.5/epics-modules/adcore/include -I/epics/bases/base-3.15.5/include/compiler/gcc -I/epics/bases/base-3.15.5/include/os/Linux -I/epics/bases/base-3.15.5/include    -I/epics/bases/base-3.15.5/epics-modules/asyn/include/ -I/usr/include/libxml2/    -c ../NDPluginFFT.cpp
/usr/bin/gcc  -D_GNU_SOURCE -D_DEFAULT_SOURCE            -D_X86_64_  -DUNIX  -Dlinux     -O3 -g   -Wall      -mtune=generic     -m64 -fPIC -I. -I../O.Common -I. -I. -I.. -I/epics/bases/base-3.15.5/epics-modules/adcore/include/compiler/gcc -I/epics/bases/base-3.15.5/epics-modules/adcore/include/os/Linux -I/epics/bases/base-3.15.5/epics-modules/adcore/include -I/epics/bases/base-3.15.5/include/compiler/gcc -I/epics/bases/base-3.15.5/include/os/Linux -I/epics/bases/base-3.15.5/include    -I/epics/bases/base-3.15.5/epics-modules/asyn/include/ -I/usr/include/libxml2/    -c ../fft.c
/usr/bin/g++  -D_GNU_SOURCE -D_DEFAULT_SOURCE            -D_X86_64_  -DUNIX  -Dlinux     -O3 -g   -Wall     -DH5_NO_DEPRECATED_SYMBOLS -DH5Gopen_vers=2  -mtune=generic     -m64 -fPIC -I. -I../O.Common -I. -I. -I.. -I/epics/bases/base-3.15.5/epics-modules/adcore/include/compiler/gcc -I/epics/bases/base-3.15.5/epics-modules/adcore/include/os/Linux -I/epics/bases/base-3.15.5/epics-modules/adcore/include -I/epics/bases/base-3.15.5/include/compiler/gcc -I/epics/bases/base-3.15.5/include/os/Linux -I/epics/bases/base-3.15.5/include    -I/epics/bases/base-3.15.5/epics-modules/asyn/include/ -I/usr/include/libxml2/    -c ../NDPluginGather.cpp
/usr/bin/g++  -D_GNU_SOURCE -D_DEFAULT_SOURCE            -D_X86_64_  -DUNIX  -Dlinux     -O3 -g   -Wall     -DH5_NO_DEPRECATED_SYMBOLS -DH5Gopen_vers=2  -mtune=generic     -m64 -fPIC -I. -I../O.Common -I. -I. -I.. -I/epics/bases/base-3.15.5/epics-modules/adcore/include/compiler/gcc -I/epics/bases/base-3.15.5/epics-modules/adcore/include/os/Linux -I/epics/bases/base-3.15.5/epics-modules/adcore/include -I/epics/bases/base-3.15.5/include/compiler/gcc -I/epics/bases/base-3.15.5/include/os/Linux -I/epics/bases/base-3.15.5/include    -I/epics/bases/base-3.15.5/epics-modules/asyn/include/ -I/usr/include/libxml2/    -c ../NDPluginOverlay.cpp
/usr/bin/g++  -D_GNU_SOURCE -D_DEFAULT_SOURCE            -D_X86_64_  -DUNIX  -Dlinux     -O3 -g   -Wall     -DH5_NO_DEPRECATED_SYMBOLS -DH5Gopen_vers=2  -mtune=generic     -m64 -fPIC -I. -I../O.Common -I. -I. -I.. -I/epics/bases/base-3.15.5/epics-modules/adcore/include/compiler/gcc -I/epics/bases/base-3.15.5/epics-modules/adcore/include/os/Linux -I/epics/bases/base-3.15.5/epics-modules/adcore/include -I/epics/bases/base-3.15.5/include/compiler/gcc -I/epics/bases/base-3.15.5/include/os/Linux -I/epics/bases/base-3.15.5/include    -I/epics/bases/base-3.15.5/epics-modules/asyn/include/ -I/usr/include/libxml2/    -c ../NDPluginOverlayTextFont.cpp
/usr/bin/g++  -D_GNU_SOURCE -D_DEFAULT_SOURCE            -D_X86_64_  -DUNIX  -Dlinux     -O3 -g   -Wall     -DH5_NO_DEPRECATED_SYMBOLS -DH5Gopen_vers=2  -mtune=generic     -m64 -fPIC -I. -I../O.Common -I. -I. -I.. -I/epics/bases/base-3.15.5/epics-modules/adcore/include/compiler/gcc -I/epics/bases/base-3.15.5/epics-modules/adcore/include/os/Linux -I/epics/bases/base-3.15.5/epics-modules/adcore/include -I/epics/bases/base-3.15.5/include/compiler/gcc -I/epics/bases/base-3.15.5/include/os/Linux -I/epics/bases/base-3.15.5/include    -I/epics/bases/base-3.15.5/epics-modules/asyn/include/ -I/usr/include/libxml2/    -c ../NDPluginProcess.cpp
/usr/bin/g++  -D_GNU_SOURCE -D_DEFAULT_SOURCE            -D_X86_64_  -DUNIX  -Dlinux     -O3 -g   -Wall     -DH5_NO_DEPRECATED_SYMBOLS -DH5Gopen_vers=2  -mtune=generic     -m64 -fPIC -I. -I../O.Common -I. -I. -I.. -I/epics/bases/base-3.15.5/epics-modules/adcore/include/compiler/gcc -I/epics/bases/base-3.15.5/epics-modules/adcore/include/os/Linux -I/epics/bases/base-3.15.5/epics-modules/adcore/include -I/epics/bases/base-3.15.5/include/compiler/gcc -I/epics/bases/base-3.15.5/include/os/Linux -I/epics/bases/base-3.15.5/include    -I/epics/bases/base-3.15.5/epics-modules/asyn/include/ -I/usr/include/libxml2/    -c ../NDPluginROI.cpp
/usr/bin/g++  -D_GNU_SOURCE -D_DEFAULT_SOURCE            -D_X86_64_  -DUNIX  -Dlinux     -O3 -g   -Wall     -DH5_NO_DEPRECATED_SYMBOLS -DH5Gopen_vers=2  -mtune=generic     -m64 -fPIC -I. -I../O.Common -I. -I. -I.. -I/epics/bases/base-3.15.5/epics-modules/adcore/include/compiler/gcc -I/epics/bases/base-3.15.5/epics-modules/adcore/include/os/Linux -I/epics/bases/base-3.15.5/epics-modules/adcore/include -I/epics/bases/base-3.15.5/include/compiler/gcc -I/epics/bases/base-3.15.5/include/os/Linux -I/epics/bases/base-3.15.5/include    -I/epics/bases/base-3.15.5/epics-modules/asyn/include/ -I/usr/include/libxml2/    -c ../NDPluginROIStat.cpp
/usr/bin/g++  -D_GNU_SOURCE -D_DEFAULT_SOURCE            -D_X86_64_  -DUNIX  -Dlinux     -O3 -g   -Wall     -DH5_NO_DEPRECATED_SYMBOLS -DH5Gopen_vers=2  -mtune=generic     -m64 -fPIC -I. -I../O.Common -I. -I. -I.. -I/epics/bases/base-3.15.5/epics-modules/adcore/include/compiler/gcc -I/epics/bases/base-3.15.5/epics-modules/adcore/include/os/Linux -I/epics/bases/base-3.15.5/epics-modules/adcore/include -I/epics/bases/base-3.15.5/include/compiler/gcc -I/epics/bases/base-3.15.5/include/os/Linux -I/epics/bases/base-3.15.5/include    -I/epics/bases/base-3.15.5/epics-modules/asyn/include/ -I/usr/include/libxml2/    -c ../NDPluginScatter.cpp
/usr/bin/g++  -D_GNU_SOURCE -D_DEFAULT_SOURCE            -D_X86_64_  -DUNIX  -Dlinux     -O3 -g   -Wall     -DH5_NO_DEPRECATED_SYMBOLS -DH5Gopen_vers=2  -mtune=generic     -m64 -fPIC -I. -I../O.Common -I. -I. -I.. -I/epics/bases/base-3.15.5/epics-modules/adcore/include/compiler/gcc -I/epics/bases/base-3.15.5/epics-modules/adcore/include/os/Linux -I/epics/bases/base-3.15.5/epics-modules/adcore/include -I/epics/bases/base-3.15.5/include/compiler/gcc -I/epics/bases/base-3.15.5/include/os/Linux -I/epics/bases/base-3.15.5/include    -I/epics/bases/base-3.15.5/epics-modules/asyn/include/ -I/usr/include/libxml2/    -c ../NDPluginStats.cpp
/usr/bin/g++  -D_GNU_SOURCE -D_DEFAULT_SOURCE            -D_X86_64_  -DUNIX  -Dlinux     -O3 -g   -Wall     -DH5_NO_DEPRECATED_SYMBOLS -DH5Gopen_vers=2  -mtune=generic     -m64 -fPIC -I. -I../O.Common -I. -I. -I.. -I/epics/bases/base-3.15.5/epics-modules/adcore/include/compiler/gcc -I/epics/bases/base-3.15.5/epics-modules/adcore/include/os/Linux -I/epics/bases/base-3.15.5/epics-modules/adcore/include -I/epics/bases/base-3.15.5/include/compiler/gcc -I/epics/bases/base-3.15.5/include/os/Linux -I/epics/bases/base-3.15.5/include    -I/epics/bases/base-3.15.5/epics-modules/asyn/include/ -I/usr/include/libxml2/    -c ../NDPluginStdArrays.cpp
/usr/bin/g++  -D_GNU_SOURCE -D_DEFAULT_SOURCE            -D_X86_64_  -DUNIX  -Dlinux     -O3 -g   -Wall     -DH5_NO_DEPRECATED_SYMBOLS -DH5Gopen_vers=2  -mtune=generic     -m64 -fPIC -I. -I../O.Common -I. -I. -I.. -I/epics/bases/base-3.15.5/epics-modules/adcore/include/compiler/gcc -I/epics/bases/base-3.15.5/epics-modules/adcore/include/os/Linux -I/epics/bases/base-3.15.5/epics-modules/adcore/include -I/epics/bases/base-3.15.5/include/compiler/gcc -I/epics/bases/base-3.15.5/include/os/Linux -I/epics/bases/base-3.15.5/include    -I/epics/bases/base-3.15.5/epics-modules/asyn/include/ -I/usr/include/libxml2/    -c ../NDPluginTimeSeries.cpp
/usr/bin/g++  -D_GNU_SOURCE -D_DEFAULT_SOURCE            -D_X86_64_  -DUNIX  -Dlinux     -O3 -g   -Wall     -DH5_NO_DEPRECATED_SYMBOLS -DH5Gopen_vers=2  -mtune=generic     -m64 -fPIC -I. -I../O.Common -I. -I. -I.. -I/epics/bases/base-3.15.5/epics-modules/adcore/include/compiler/gcc -I/epics/bases/base-3.15.5/epics-modules/adcore/include/os/Linux -I/epics/bases/base-3.15.5/epics-modules/adcore/include -I/epics/bases/base-3.15.5/include/compiler/gcc -I/epics/bases/base-3.15.5/include/os/Linux -I/epics/bases/base-3.15.5/include    -I/epics/bases/base-3.15.5/epics-modules/asyn/include/ -I/usr/include/libxml2/    -c ../NDPluginTransform.cpp
/usr/bin/g++  -D_GNU_SOURCE -D_DEFAULT_SOURCE            -D_X86_64_  -DUNIX  -Dlinux     -O3 -g   -Wall     -DH5_NO_DEPRECATED_SYMBOLS -DH5Gopen_vers=2  -mtune=generic     -m64 -fPIC -I. -I../O.Common -I. -I. -I.. -I/epics/bases/base-3.15.5/epics-modules/adcore/include/compiler/gcc -I/epics/bases/base-3.15.5/epics-modules/adcore/include/os/Linux -I/epics/bases/base-3.15.5/epics-modules/adcore/include -I/epics/bases/base-3.15.5/include/compiler/gcc -I/epics/bases/base-3.15.5/include/os/Linux -I/epics/bases/base-3.15.5/include    -I/epics/bases/base-3.15.5/epics-modules/asyn/include/ -I/usr/include/libxml2/    -c ../NDPluginAttrPlot.cpp
/usr/bin/g++  -D_GNU_SOURCE -D_DEFAULT_SOURCE            -D_X86_64_  -DUNIX  -Dlinux     -O3 -g   -Wall     -DH5_NO_DEPRECATED_SYMBOLS -DH5Gopen_vers=2  -mtune=generic     -m64 -fPIC -I. -I../O.Common -I. -I. -I.. -I/epics/bases/base-3.15.5/epics-modules/adcore/include/compiler/gcc -I/epics/bases/base-3.15.5/epics-modules/adcore/include/os/Linux -I/epics/bases/base-3.15.5/epics-modules/adcore/include -I/epics/bases/base-3.15.5/include/compiler/gcc -I/epics/bases/base-3.15.5/include/os/Linux -I/epics/bases/base-3.15.5/include    -I/epics/bases/base-3.15.5/epics-modules/asyn/include/ -I/usr/include/libxml2/    -c ../NDPosPlugin.cpp
/usr/bin/g++  -D_GNU_SOURCE -D_DEFAULT_SOURCE            -D_X86_64_  -DUNIX  -Dlinux     -O3 -g   -Wall     -DH5_NO_DEPRECATED_SYMBOLS -DH5Gopen_vers=2  -mtune=generic     -m64 -fPIC -I. -I../O.Common -I. -I. -I.. -I/epics/bases/base-3.15.5/epics-modules/adcore/include/compiler/gcc -I/epics/bases/base-3.15.5/epics-modules/adcore/include/os/Linux -I/epics/bases/base-3.15.5/epics-modules/adcore/include -I/epics/bases/base-3.15.5/include/compiler/gcc -I/epics/bases/base-3.15.5/include/os/Linux -I/epics/bases/base-3.15.5/include    -I/epics/bases/base-3.15.5/epics-modules/asyn/include/ -I/usr/include/libxml2/    -c ../NDPosPluginFileReader.cpp
/usr/bin/g++  -D_GNU_SOURCE -D_DEFAULT_SOURCE            -D_X86_64_  -DUNIX  -Dlinux     -O3 -g   -Wall     -DH5_NO_DEPRECATED_SYMBOLS -DH5Gopen_vers=2  -mtune=generic     -m64 -fPIC -I. -I../O.Common -I. -I. -I.. -I/epics/bases/base-3.15.5/epics-modules/adcore/include/compiler/gcc -I/epics/bases/base-3.15.5/epics-modules/adcore/include/os/Linux -I/epics/bases/base-3.15.5/epics-modules/adcore/include -I/epics/bases/base-3.15.5/include/compiler/gcc -I/epics/bases/base-3.15.5/include/os/Linux -I/epics/bases/base-3.15.5/include    -I/epics/bases/base-3.15.5/epics-modules/asyn/include/ -I/usr/include/libxml2/    -c ../NDPluginFile.cpp
../NDPluginFile.cpp: In member function bool NDPluginFile::attrIsProcessingRequired(NDAttributeList*):
../NDPluginFile.cpp:619:13: warning: this if clause does not guard... [-Wmisleading-indentation]
             if (destPortNameLen > MAX_FILENAME_LEN)
             ^~
../NDPluginFile.cpp:621:17: note: ...this statement, but the latter is misleadingly indented as if it is guarded by the if
                 ndAttr->getValue(NDAttrString, destPortName, destPortNameLen);
                 ^~~~~~
/usr/bin/g++  -D_GNU_SOURCE -D_DEFAULT_SOURCE            -D_X86_64_  -DUNIX  -Dlinux     -O3 -g   -Wall     -DH5_NO_DEPRECATED_SYMBOLS -DH5Gopen_vers=2  -mtune=generic     -m64 -fPIC -I. -I../O.Common -I. -I. -I.. -I/epics/bases/base-3.15.5/epics-modules/adcore/include/compiler/gcc -I/epics/bases/base-3.15.5/epics-modules/adcore/include/os/Linux -I/epics/bases/base-3.15.5/epics-modules/adcore/include -I/epics/bases/base-3.15.5/include/compiler/gcc -I/epics/bases/base-3.15.5/include/os/Linux -I/epics/bases/base-3.15.5/include    -I/epics/bases/base-3.15.5/epics-modules/asyn/include/ -I/usr/include/libxml2/    -c ../NDFileNull.cpp
/usr/bin/ar -rc    libNDPlugin.a         NDPluginDriver.o NDPluginAttribute.o NDPluginCircularBuff.o NDArrayRing.o NDPluginColorConvert.o NDPluginFFT.o fft.o NDPluginGather.o NDPluginOverlay.o NDPluginOverlayTextFont.o NDPluginProcess.o NDPluginROI.o NDPluginROIStat.o NDPluginScatter.o NDPluginStats.o NDPluginStdArrays.o NDPluginTimeSeries.o NDPluginTransform.o NDPluginAttrPlot.o NDPosPlugin.o NDPosPluginFileReader.o NDPluginFile.o NDFileNull.o
/usr/bin/ranlib libNDPlugin.a
/usr/bin/g++ -o libNDPlugin.so -shared -fPIC -Wl,-hlibNDPlugin.so -L/epics/bases/base-3.15.5/epics-modules/adcore/lib/linux-x86_64 -L/epics/bases/base-3.15.5/epics-modules/asyn/lib/linux-x86_64 -L/epics/bases/base-3.15.5/lib/linux-x86_64 -Wl,-rpath,/epics/bases/base-3.15.5/epics-modules/adcore/lib/linux-x86_64 -Wl,-rpath,/epics/bases/base-3.15.5/epics-modules/asyn/lib/linux-x86_64 -Wl,-rpath,/epics/bases/base-3.15.5/lib/linux-x86_64           -rdynamic -m64             NDPluginDriver.o NDPluginAttribute.o NDPluginCircularBuff.o NDArrayRing.o NDPluginColorConvert.o NDPluginFFT.o fft.o NDPluginGather.o NDPluginOverlay.o NDPluginOverlayTextFont.o NDPluginProcess.o NDPluginROI.o NDPluginROIStat.o NDPluginScatter.o NDPluginStats.o NDPluginStdArrays.o NDPluginTimeSeries.o NDPluginTransform.o NDPluginAttrPlot.o NDPosPlugin.o NDPosPluginFileReader.o NDPluginFile.o NDFileNull.o   -lADBase -lasyn -ldbRecStd -ldbCore -lca -lCom  -lxml2 -lpthread   -lreadline -lm -lrt -ldl -lgcc
Installing shared library /epics/bases/base-3.15.5/epics-modules/adcore/lib/linux-x86_64/libNDPlugin.so
Installing library /epics/bases/base-3.15.5/epics-modules/adcore/lib/linux-x86_64/libNDPlugin.a
make[4]: Leaving directory '/home/william/e3-workspace/git/e3-ADCore/ADCore/ADApp/pluginSrc/O.linux-x86_64'
make[3]: Leaving directory '/home/william/e3-workspace/git/e3-ADCore/ADCore/ADApp/pluginSrc'
make -C ./pluginTests install 
make[3]: Entering directory '/home/william/e3-workspace/git/e3-ADCore/ADCore/ADApp/pluginTests'
perl -CSD /epics/bases/base-3.15.5/bin/linux-x86_64/makeMakefile.pl O.linux-x86_64 ../../..
mkdir O.Common
make -C O.linux-x86_64 -f ../Makefile TOP=../../.. \
    T_A=linux-x86_64 install
make[4]: Entering directory '/home/william/e3-workspace/git/e3-ADCore/ADCore/ADApp/pluginTests/O.linux-x86_64'
make[4]: Nothing to be done for 'install'.
make[4]: Leaving directory '/home/william/e3-workspace/git/e3-ADCore/ADCore/ADApp/pluginTests/O.linux-x86_64'
make[3]: Leaving directory '/home/william/e3-workspace/git/e3-ADCore/ADCore/ADApp/pluginTests'
make -C ./op install 
make[3]: Entering directory '/home/william/e3-workspace/git/e3-ADCore/ADCore/ADApp/op'
make[3]: Nothing to be done for 'install'.
make[3]: Leaving directory '/home/william/e3-workspace/git/e3-ADCore/ADCore/ADApp/op'
make[2]: Leaving directory '/home/william/e3-workspace/git/e3-ADCore/ADCore/ADApp'
make[1]: Leaving directory '/home/william/e3-workspace/git/e3-ADCore/ADCore'
